[1229/115804:INFO:broker_services.cc(467)] Target->Create 0 Error 122
[1229/115832:INFO:broker_services.cc(467)] Target->Create 0 Error 122
[1229/131819:INFO:broker_services.cc(467)] Target->Create 0 Error 122
[1229/141058:INFO:broker_services.cc(467)] Target->Create 0 Error 122
[1229/142301:INFO:broker_services.cc(467)] Target->Create 0 Error 122
[1229/150756:INFO:broker_services.cc(467)] Target->Create 0 Error 122
[1229/150824:INFO:broker_services.cc(467)] Target->Create 0 Error 122
[1229/153906:INFO:broker_services.cc(467)] Target->Create 0 Error 122
[1229/154014:INFO:broker_services.cc(467)] Target->Create 0 Error 122
[1229/154017:INFO:broker_services.cc(467)] Target->Create 0 Error 122
[1229/154133:INFO:broker_services.cc(467)] Target->Create 0 Error 122
[1229/154134:INFO:broker_services.cc(467)] Target->Create 0 Error 122
[1229/154408:INFO:broker_services.cc(467)] Target->Create 0 Error 122
[1229/154432:INFO:broker_services.cc(467)] Target->Create 0 Error 122
[1229/154433:INFO:broker_services.cc(467)] Target->Create 0 Error 122
[1229/154434:INFO:broker_services.cc(467)] Target->Create 0 Error 122
[1229/154504:INFO:broker_services.cc(467)] Target->Create 0 Error 122
[1229/154505:INFO:broker_services.cc(467)] Target->Create 0 Error 122
[1229/154506:INFO:broker_services.cc(467)] Target->Create 0 Error 122
[1229/154529:INFO:broker_services.cc(467)] Target->Create 0 Error 122
[1229/154749:INFO:broker_services.cc(467)] Target->Create 0 Error 122
[1229/162245:INFO:broker_services.cc(467)] Target->Create 0 Error 122
[1229/163821:INFO:broker_services.cc(467)] Target->Create 0 Error 122
